{
  "Cucumber Features": {
    "coverage": {
      "/home/codio/workspace/sweng-project-krystianopryszek99/app/models/song.rb": {
        "lines": [
          1,
          1,
          30,
          null,
          null,
          1,
          14,
          null,
          null,
          1,
          1,
          null,
          null,
          null
        ]
      },
      "/home/codio/workspace/sweng-project-krystianopryszek99/app/controllers/songs_controller.rb": {
        "lines": [
          1,
          1,
          null,
          null,
          1,
          null,
          14,
          14,
          14,
          14,
          14,
          14,
          14,
          null,
          null,
          1,
          28,
          null,
          null,
          1,
          14,
          null,
          null,
          1,
          28,
          null,
          null,
          null,
          1,
          null,
          null,
          null,
          1,
          1,
          null,
          null,
          null,
          1,
          null,
          null,
          1,
          2,
          2,
          2,
          1,
          1,
          null,
          1,
          1,
          null,
          null,
          null,
          null,
          1,
          1,
          1,
          1,
          null,
          null,
          null,
          1,
          1,
          1,
          1,
          1,
          null,
          null,
          null,
          1,
          0,
          0,
          0,
          0,
          null,
          null,
          1,
          null,
          1,
          5,
          null,
          null,
          null,
          1,
          2,
          null,
          null
        ]
      },
      "/home/codio/workspace/sweng-project-krystianopryszek99/app/controllers/application_controller.rb": {
        "lines": [
          1,
          null,
          null,
          1,
          null
        ]
      },
      "/home/codio/workspace/sweng-project-krystianopryszek99/app/helpers/application_helper.rb": {
        "lines": [
          1,
          null
        ]
      },
      "/home/codio/workspace/sweng-project-krystianopryszek99/app/helpers/songs_helper.rb": {
        "lines": [
          1,
          null
        ]
      }
    },
    "timestamp": 1653071716
  },
  "RSpec": {
    "coverage": {
      "/home/codio/workspace/sweng-project-krystianopryszek99/app/helpers/application_helper.rb": {
        "lines": [
          1,
          null
        ]
      },
      "/home/codio/workspace/sweng-project-krystianopryszek99/app/helpers/songs_helper.rb": {
        "lines": [
          1,
          null
        ]
      },
      "/home/codio/workspace/sweng-project-krystianopryszek99/app/controllers/songs_controller.rb": {
        "lines": [
          1,
          1,
          null,
          null,
          1,
          null,
          1,
          1,
          1,
          1,
          1,
          1,
          1,
          null,
          null,
          1,
          2,
          null,
          null,
          1,
          1,
          null,
          null,
          1,
          2,
          null,
          null,
          null,
          1,
          null,
          null,
          null,
          1,
          1,
          null,
          null,
          null,
          1,
          null,
          null,
          1,
          4,
          4,
          4,
          2,
          2,
          null,
          2,
          2,
          null,
          null,
          null,
          null,
          1,
          3,
          3,
          3,
          null,
          null,
          null,
          1,
          0,
          0,
          0,
          0,
          null,
          null,
          null,
          1,
          3,
          3,
          3,
          3,
          null,
          null,
          1,
          null,
          1,
          5,
          null,
          null,
          null,
          1,
          3,
          null,
          null
        ]
      },
      "/home/codio/workspace/sweng-project-krystianopryszek99/app/controllers/application_controller.rb": {
        "lines": [
          1,
          null,
          null,
          1,
          null
        ]
      },
      "/home/codio/workspace/sweng-project-krystianopryszek99/app/models/song.rb": {
        "lines": [
          1,
          1,
          5,
          null,
          null,
          1,
          1,
          null,
          null,
          1,
          2,
          null,
          null,
          null
        ]
      }
    },
    "timestamp": 1653071722
  }
}
